  main.cpp
C:\Users\noass\Documents\Visual Studio 2022\Projects\CPPproject\CPPproject\main.cpp(21,47): warning C4244: 'argument': conversion from 'float' to 'sf::Uint8', possible loss of data
C:\Users\noass\Documents\Visual Studio 2022\Projects\CPPproject\CPPproject\main.cpp(21,38): warning C4244: 'argument': conversion from 'float' to 'sf::Uint8', possible loss of data
C:\Users\noass\Documents\Visual Studio 2022\Projects\CPPproject\CPPproject\main.cpp(21,29): warning C4244: 'argument': conversion from 'float' to 'sf::Uint8', possible loss of data
C:\Users\noass\Documents\Visual Studio 2022\Projects\CPPproject\CPPproject\main.cpp(22,47): warning C4244: 'argument': conversion from 'float' to 'sf::Uint8', possible loss of data
C:\Users\noass\Documents\Visual Studio 2022\Projects\CPPproject\CPPproject\main.cpp(22,38): warning C4244: 'argument': conversion from 'float' to 'sf::Uint8', possible loss of data
C:\Users\noass\Documents\Visual Studio 2022\Projects\CPPproject\CPPproject\main.cpp(22,29): warning C4244: 'argument': conversion from 'float' to 'sf::Uint8', possible loss of data
C:\Users\noass\Documents\Visual Studio 2022\Projects\CPPproject\CPPproject\main.cpp(23,47): warning C4244: 'argument': conversion from 'float' to 'sf::Uint8', possible loss of data
C:\Users\noass\Documents\Visual Studio 2022\Projects\CPPproject\CPPproject\main.cpp(23,38): warning C4244: 'argument': conversion from 'float' to 'sf::Uint8', possible loss of data
C:\Users\noass\Documents\Visual Studio 2022\Projects\CPPproject\CPPproject\main.cpp(23,29): warning C4244: 'argument': conversion from 'float' to 'sf::Uint8', possible loss of data
C:\Users\noass\Documents\Visual Studio 2022\Projects\CPPproject\CPPproject\main.cpp(24,47): warning C4244: 'argument': conversion from 'float' to 'sf::Uint8', possible loss of data
C:\Users\noass\Documents\Visual Studio 2022\Projects\CPPproject\CPPproject\main.cpp(24,38): warning C4244: 'argument': conversion from 'float' to 'sf::Uint8', possible loss of data
C:\Users\noass\Documents\Visual Studio 2022\Projects\CPPproject\CPPproject\main.cpp(24,29): warning C4244: 'argument': conversion from 'float' to 'sf::Uint8', possible loss of data
C:\Users\noass\Documents\Visual Studio 2022\Projects\CPPproject\CPPproject\main.cpp(25,47): warning C4244: 'argument': conversion from 'float' to 'sf::Uint8', possible loss of data
C:\Users\noass\Documents\Visual Studio 2022\Projects\CPPproject\CPPproject\main.cpp(25,38): warning C4244: 'argument': conversion from 'float' to 'sf::Uint8', possible loss of data
C:\Users\noass\Documents\Visual Studio 2022\Projects\CPPproject\CPPproject\main.cpp(25,29): warning C4244: 'argument': conversion from 'float' to 'sf::Uint8', possible loss of data
C:\Users\noass\Documents\Visual Studio 2022\Projects\CPPproject\CPPproject\main.cpp(26,48): warning C4244: 'argument': conversion from 'float' to 'sf::Uint8', possible loss of data
C:\Users\noass\Documents\Visual Studio 2022\Projects\CPPproject\CPPproject\main.cpp(26,39): warning C4244: 'argument': conversion from 'float' to 'sf::Uint8', possible loss of data
C:\Users\noass\Documents\Visual Studio 2022\Projects\CPPproject\CPPproject\main.cpp(26,30): warning C4244: 'argument': conversion from 'float' to 'sf::Uint8', possible loss of data
C:\Users\noass\Documents\Visual Studio 2022\Projects\CPPproject\CPPproject\main.cpp(64,19): warning C4244: '=': conversion from 'float' to '_Ty', possible loss of data
C:\Users\noass\Documents\Visual Studio 2022\Projects\CPPproject\CPPproject\main.cpp(64,19): warning C4244:         with
C:\Users\noass\Documents\Visual Studio 2022\Projects\CPPproject\CPPproject\main.cpp(64,19): warning C4244:         [
C:\Users\noass\Documents\Visual Studio 2022\Projects\CPPproject\CPPproject\main.cpp(64,19): warning C4244:             _Ty=int
C:\Users\noass\Documents\Visual Studio 2022\Projects\CPPproject\CPPproject\main.cpp(64,19): warning C4244:         ]
C:\Users\noass\Documents\Visual Studio 2022\Projects\CPPproject\CPPproject\main.cpp(70,25): warning C4244: '=': conversion from 'float' to '_Ty', possible loss of data
C:\Users\noass\Documents\Visual Studio 2022\Projects\CPPproject\CPPproject\main.cpp(70,25): warning C4244:         with
C:\Users\noass\Documents\Visual Studio 2022\Projects\CPPproject\CPPproject\main.cpp(70,25): warning C4244:         [
C:\Users\noass\Documents\Visual Studio 2022\Projects\CPPproject\CPPproject\main.cpp(70,25): warning C4244:             _Ty=int
C:\Users\noass\Documents\Visual Studio 2022\Projects\CPPproject\CPPproject\main.cpp(70,25): warning C4244:         ]
C:\Users\noass\Documents\Visual Studio 2022\Projects\CPPproject\CPPproject\main.cpp(80,30): warning C4244: '=': conversion from 'float' to '_Ty', possible loss of data
C:\Users\noass\Documents\Visual Studio 2022\Projects\CPPproject\CPPproject\main.cpp(80,30): warning C4244:         with
C:\Users\noass\Documents\Visual Studio 2022\Projects\CPPproject\CPPproject\main.cpp(80,30): warning C4244:         [
C:\Users\noass\Documents\Visual Studio 2022\Projects\CPPproject\CPPproject\main.cpp(80,30): warning C4244:             _Ty=int
C:\Users\noass\Documents\Visual Studio 2022\Projects\CPPproject\CPPproject\main.cpp(80,30): warning C4244:         ]
C:\Users\noass\Documents\Visual Studio 2022\Projects\CPPproject\CPPproject\main.cpp(92,54): warning C4244: 'argument': conversion from 'int' to 'T', possible loss of data
C:\Users\noass\Documents\Visual Studio 2022\Projects\CPPproject\CPPproject\main.cpp(92,54): warning C4244:         with
C:\Users\noass\Documents\Visual Studio 2022\Projects\CPPproject\CPPproject\main.cpp(92,54): warning C4244:         [
C:\Users\noass\Documents\Visual Studio 2022\Projects\CPPproject\CPPproject\main.cpp(92,54): warning C4244:             T=float
C:\Users\noass\Documents\Visual Studio 2022\Projects\CPPproject\CPPproject\main.cpp(92,54): warning C4244:         ]
C:\Users\noass\Documents\Visual Studio 2022\Projects\CPPproject\CPPproject\main.cpp(92,44): warning C4244: 'argument': conversion from 'int' to 'T', possible loss of data
C:\Users\noass\Documents\Visual Studio 2022\Projects\CPPproject\CPPproject\main.cpp(92,44): warning C4244:         with
C:\Users\noass\Documents\Visual Studio 2022\Projects\CPPproject\CPPproject\main.cpp(92,44): warning C4244:         [
C:\Users\noass\Documents\Visual Studio 2022\Projects\CPPproject\CPPproject\main.cpp(92,44): warning C4244:             T=float
C:\Users\noass\Documents\Visual Studio 2022\Projects\CPPproject\CPPproject\main.cpp(92,44): warning C4244:         ]
C:\Users\noass\Documents\Visual Studio 2022\Projects\CPPproject\CPPproject\main.cpp(93,40): warning C4244: 'argument': conversion from 'int' to 'float', possible loss of data
C:\Users\noass\Documents\Visual Studio 2022\Projects\CPPproject\CPPproject\main.cpp(93,26): warning C4244: 'argument': conversion from 'int' to 'float', possible loss of data
C:\Users\noass\Documents\Visual Studio 2022\Projects\CPPproject\CPPproject\main.cpp(95,42): warning C4244: 'argument': conversion from '_Ty' to 'float', possible loss of data
C:\Users\noass\Documents\Visual Studio 2022\Projects\CPPproject\CPPproject\main.cpp(95,42): warning C4244:         with
C:\Users\noass\Documents\Visual Studio 2022\Projects\CPPproject\CPPproject\main.cpp(95,42): warning C4244:         [
C:\Users\noass\Documents\Visual Studio 2022\Projects\CPPproject\CPPproject\main.cpp(95,42): warning C4244:             _Ty=int
C:\Users\noass\Documents\Visual Studio 2022\Projects\CPPproject\CPPproject\main.cpp(95,42): warning C4244:         ]
C:\Users\noass\Documents\Visual Studio 2022\Projects\CPPproject\CPPproject\main.cpp(110,16): warning C4244: '=': conversion from 'float' to '_Ty', possible loss of data
C:\Users\noass\Documents\Visual Studio 2022\Projects\CPPproject\CPPproject\main.cpp(110,16): warning C4244:         with
C:\Users\noass\Documents\Visual Studio 2022\Projects\CPPproject\CPPproject\main.cpp(110,16): warning C4244:         [
C:\Users\noass\Documents\Visual Studio 2022\Projects\CPPproject\CPPproject\main.cpp(110,16): warning C4244:             _Ty=int
C:\Users\noass\Documents\Visual Studio 2022\Projects\CPPproject\CPPproject\main.cpp(110,16): warning C4244:         ]
C:\Users\noass\Documents\Visual Studio 2022\Projects\CPPproject\CPPproject\main.cpp(169,15): warning C4244: 'initializing': conversion from 'double' to 'int', possible loss of data
C:\Users\noass\Documents\Visual Studio 2022\Projects\CPPproject\CPPproject\main.cpp(170,15): warning C4244: 'initializing': conversion from 'double' to 'int', possible loss of data
  Generating code
  0 of 1820 functions ( 0.0%) were compiled, the rest were copied from previous compilation.
    0 functions were new in current compilation
    0 functions had inline decision re-evaluated but remain unchanged
  Finished generating code
  CPPproject.vcxproj -> C:\Users\noass\Documents\Visual Studio 2022\Projects\CPPproject\x64\Release\CPPproject.exe
